<?xml version="1.0" encoding="UTF-8"?>
<testng-results ignored="0" total="1" passed="1" failed="0" skipped="0">
  <reporter-output>
  </reporter-output>
  <suite started-at="2023-03-15T01:42:47 EET" name="Default suite" finished-at="2023-03-15T01:42:50 EET" duration-ms="2934">
    <groups>
    </groups>
    <test started-at="2023-03-15T01:42:47 EET" name="Default test" finished-at="2023-03-15T01:42:50 EET" duration-ms="2934">
      <class name="tests.AddToCartTest">
        <test-method is-config="true" signature="startDriver(java.lang.String)[pri:0, instance:tests.AddToCartTest@53ce1329]" started-at="2023-03-15T01:42:40 EET" name="startDriver" finished-at="2023-03-15T01:42:47 EET" duration-ms="7063" status="PASS">
          <params>
            <param index="0">
              <value>
                <![CDATA[chrome]]>
              </value>
            </param>
          </params>
          <reporter-output>
          </reporter-output>
        </test-method> <!-- startDriver -->
        <test-method signature="UserCanAddProductToCart()[pri:1, instance:tests.AddToCartTest@53ce1329]" started-at="2023-03-15T01:42:48 EET" name="UserCanAddProductToCart" finished-at="2023-03-15T01:42:50 EET" duration-ms="2476" status="PASS">
          <reporter-output>
          </reporter-output>
        </test-method> <!-- UserCanAddProductToCart -->
        <test-method is-config="true" signature="takeScreenShotOnFailure(org.testng.ITestResult)[pri:0, instance:tests.AddToCartTest@53ce1329]" started-at="2023-03-15T01:42:50 EET" name="takeScreenShotOnFailure" finished-at="2023-03-15T01:42:50 EET" duration-ms="384" status="PASS">
          <params>
            <param index="0">
              <value>
                <![CDATA[[TestResult name=UserCanAddProductToCart status=SUCCESS method=AddToCartTest.UserCanAddProductToCart()[pri:1, instance:tests.AddToCartTest@53ce1329] output={null}]]]>
              </value>
            </param>
          </params>
          <reporter-output>
          </reporter-output>
        </test-method> <!-- takeScreenShotOnFailure -->
      </class> <!-- tests.AddToCartTest -->
    </test> <!-- Default test -->
  </suite> <!-- Default suite -->
</testng-results>
